<?xml version="1.0" encoding="UTF-8"?>
<testsuite name="Expedir SOAT de vehiculo" tests="1" skipped="0" failures="0" errors="0" timestamp="2020-09-07T02:02:23" hostname="SBMEDLAPPROAC26" time="8.336">
  <properties/>
  <testcase name="Expedir el SOAT de un vehiculo exitosamente por el canal tradicional" classname="Expedir SOAT de vehiculo" time="8.336"/>
  <system-out><![CDATA[Feature from file:///C:/Users/astrid.chavarria/Desktop/APUNTES/RETO_BANISTMO/src/test/resources/features/Prueba.feature
]]></system-out>
  <system-err><![CDATA[[Test worker] INFO  - 
 _____ _____ ____ _____   ____ _____  _    ____ _____ _____ ____  
|_   _| ____/ ___|_   _| / ___|_   _|/ \  |  _ \_   _| ____|  _ \ 
  | | |  _| \___ \ | |   \___ \ | | / _ \ | |_) || | |  _| | | | |
  | | | |___ ___) || |    ___) || |/ ___ \|  _ < | | | |___| |_| |
  |_| |_____|____/ |_|   |____/ |_/_/   \_\_| \_\|_| |_____|____/ 

Expedir el SOAT de un vehiculo exitosamente por el canal tradicional(expedir-soat-de-vehiculo;expedir-el-soat-de-un-vehiculo-exitosamente-por-el-canal-tradicional)
-------------------------------------------------------------------
sept. 06, 2020 9:02:25 P. M. org.openqa.selenium.remote.DesiredCapabilities chrome
INFORMACIÓN: Using `new ChromeOptions()` is preferred to `DesiredCapabilities.chrome()`
[Test worker] INFO net.serenitybdd.core.webdriver.driverproviders.ProvideNewDriver - Instantiating driver
[Test worker] INFO net.serenitybdd.core.webdriver.driverproviders.ProvideNewDriver - Driver capabilities: Capabilities {acceptInsecureCerts: false, browserName: chrome, chrome.switches: --disk-cache-dir=null, --di..., goog:chromeOptions: {args: [--disk-cache-dir=null, --disable-popup-blocking, --disable-download-notifica..., --incognito, --start-maximized, --test-type, --ignore-certificate-errors, --allow-running-insecure-co..., --disable-translate, --always-authorize-plugins, --disable-extensions], extensions: []}, loggingPrefs: org.openqa.selenium.logging..., platform: ANY, version: }
Starting ChromeDriver 2.38.552522 (437e6fbedfa8762dec75e2c5b3ddb86763dc9dcb) on port 27199
Only local connections are allowed.
sept. 06, 2020 9:02:30 P. M. org.openqa.selenium.remote.ProtocolHandshake createSession
INFORMACIÓN: Detected dialect: OSS
[Test worker] INFO  - 
        __    _____ _____ ____ _____   ____   _    ____  ____  _____ ____  
  _     \ \  |_   _| ____/ ___|_   _| |  _ \ / \  / ___|/ ___|| ____|  _ \ 
 (_)_____| |   | | |  _| \___ \ | |   | |_) / _ \ \___ \\___ \|  _| | | | |
  _|_____| |   | | | |___ ___) || |   |  __/ ___ \ ___) |___) | |___| |_| |
 (_)     | |   |_| |_____|____/ |_|   |_| /_/   \_\____/|____/|_____|____/ 
        /_/                                                                

Expedir el SOAT de un vehiculo exitosamente por el canal tradicional
----------------------------------------------------------------------------
]]></system-err>
</testsuite>
